<?xml version="1.0" encoding="UTF-8"?>
<testng-results skipped="0" failed="0" ignored="0" total="2" passed="2">
  <reporter-output>
  </reporter-output>
  <suite name="Default suite" duration-ms="20329" started-at="2019-11-27T14:00:38Z" finished-at="2019-11-27T14:00:58Z">
    <groups>
    </groups>
    <test name="Default test" duration-ms="20329" started-at="2019-11-27T14:00:38Z" finished-at="2019-11-27T14:00:58Z">
      <class name="com.testNG.GoogleTest">
        <test-method status="PASS" signature="SetUp()[pri:0, instance:com.testNG.GoogleTest@1bce4f0a]" name="SetUp" is-config="true" duration-ms="10025" started-at="2019-11-27T14:00:38Z" finished-at="2019-11-27T14:00:48Z">
          <reporter-output>
          </reporter-output>
        </test-method> <!-- SetUp -->
        <test-method status="PASS" signature="GoogleTitleTest()[pri:1, instance:com.testNG.GoogleTest@1bce4f0a]" name="GoogleTitleTest" duration-ms="30" started-at="2019-11-27T14:00:48Z" finished-at="2019-11-27T14:00:48Z">
          <reporter-output>
          </reporter-output>
        </test-method> <!-- GoogleTitleTest -->
        <test-method status="PASS" signature="tearDown()[pri:0, instance:com.testNG.GoogleTest@1bce4f0a]" name="tearDown" is-config="true" duration-ms="787" started-at="2019-11-27T14:00:48Z" finished-at="2019-11-27T14:00:49Z">
          <reporter-output>
          </reporter-output>
        </test-method> <!-- tearDown -->
        <test-method status="PASS" signature="SetUp()[pri:0, instance:com.testNG.GoogleTest@1bce4f0a]" name="SetUp" is-config="true" duration-ms="8507" started-at="2019-11-27T14:00:49Z" finished-at="2019-11-27T14:00:57Z">
          <reporter-output>
          </reporter-output>
        </test-method> <!-- SetUp -->
        <test-method status="PASS" signature="googleLogoTest()[pri:2, instance:com.testNG.GoogleTest@1bce4f0a]" name="googleLogoTest" duration-ms="63" started-at="2019-11-27T14:00:57Z" finished-at="2019-11-27T14:00:57Z">
          <reporter-output>
          </reporter-output>
        </test-method> <!-- googleLogoTest -->
        <test-method status="PASS" signature="tearDown()[pri:0, instance:com.testNG.GoogleTest@1bce4f0a]" name="tearDown" is-config="true" duration-ms="872" started-at="2019-11-27T14:00:57Z" finished-at="2019-11-27T14:00:58Z">
          <reporter-output>
          </reporter-output>
        </test-method> <!-- tearDown -->
      </class> <!-- com.testNG.GoogleTest -->
    </test> <!-- Default test -->
  </suite> <!-- Default suite -->
</testng-results>
