<?xml version="1.0" encoding="UTF-8"?>
<!-- Generated by org.testng.reporters.JUnitXMLReporter -->
<testsuite hostname="DESKTOP-9CGM9OG" ignored="0" name="Default test" tests="4" failures="0" timestamp="21 Nov 2019 14:55:24 GMT" time="85.06" errors="0">
  <testcase name="halfEbayRegPageTest" time="2.704" classname="dataDrivenFramework.HalfEbayTest"/>
  <testcase name="halfEbayRegPageTest" time="2.073" classname="dataDrivenFramework.HalfEbayTest"/>
  <testcase name="halfEbayRegPageTest" time="2.159" classname="dataDrivenFramework.HalfEbayTest"/>
  <testcase name="halfEbayRegPageTest" time="2.137" classname="dataDrivenFramework.HalfEbayTest"/>
</testsuite> <!-- Default test -->
